<?xml version="1.0" encoding="UTF-8"?>
<!-- Generated by org.testng.reporters.JUnitReportReporter -->
<testsuite hostname="Lap_Radheshym" failures="0" tests="1" name="com.tutorialsninja.utility.BrowserFactory" time="0.013" errors="0" timestamp="2025-02-19T11:23:44 IST" skipped="0">
  <testcase classname="com.tutorialsninja.utility.BrowserFactory" name="browserFactory" time="0.013"/>
</testsuite> <!-- com.tutorialsninja.utility.BrowserFactory -->
