<?xml version="1.0" encoding="UTF-8"?>
<!-- Generated by org.testng.reporters.JUnitReportReporter -->
<testsuite hostname="Lap_Radheshym" failures="0" tests="1" name="com.tutorialsninja.testcases.LoginTest" time="0.017" errors="0" timestamp="2025-02-19T14:20:02 IST" skipped="0">
  <testcase classname="com.tutorialsninja.testcases.LoginTest" name="loginTest" time="0.017"/>
</testsuite> <!-- com.tutorialsninja.testcases.LoginTest -->
